Using pre-set license
Built from '6000.0/staging' branch; Version is '6000.0.47f1 (2ad1ed33fd3b) revision 2806253'; Using compiler version '193933523'; Build Type 'Release'
OS: 'Windows 11  (10.0.26100) 64bit Professional' Language: 'tr' Physical Memory: 16002 MB
BatchMode: 1, IsHumanControllingUs: 0, StartBugReporterOnCrash: 0, Is64bit: 1, IsPro: 1

COMMAND LINE ARGUMENTS:
C:\Program Files\Unity\Hub\Editor\6000.0.47f1\Editor\Unity.exe
-adb2
-batchMode
-noUpm
-name
AssetImportWorker0
-projectPath
C:/Users/rojbi/OneDrive/Desktop/Games/escape-from-triasol
-logFile
Logs/AssetImportWorker0.log
-srvPort
57920
-job-worker-count
5
-background-job-worker-count
8
-gc-helper-count
1
Successfully changed project path to: C:/Users/rojbi/OneDrive/Desktop/Games/escape-from-triasol
C:/Users/rojbi/OneDrive/Desktop/Games/escape-from-triasol
[UnityMemory] Configuration Parameters - Can be set up in boot.config
    "memorysetup-bucket-allocator-granularity=16"
    "memorysetup-bucket-allocator-bucket-count=8"
    "memorysetup-bucket-allocator-block-size=33554432"
    "memorysetup-bucket-allocator-block-count=8"
    "memorysetup-main-allocator-block-size=16777216"
    "memorysetup-thread-allocator-block-size=16777216"
    "memorysetup-gfx-main-allocator-block-size=16777216"
    "memorysetup-gfx-thread-allocator-block-size=16777216"
    "memorysetup-cache-allocator-block-size=4194304"
    "memorysetup-typetree-allocator-block-size=2097152"
    "memorysetup-profiler-bucket-allocator-granularity=16"
    "memorysetup-profiler-bucket-allocator-bucket-count=8"
    "memorysetup-profiler-bucket-allocator-block-size=33554432"
    "memorysetup-profiler-bucket-allocator-block-count=8"
    "memorysetup-profiler-allocator-block-size=16777216"
    "memorysetup-profiler-editor-allocator-block-size=1048576"
    "memorysetup-temp-allocator-size-main=16777216"
    "memorysetup-job-temp-allocator-block-size=2097152"
    "memorysetup-job-temp-allocator-block-size-background=1048576"
    "memorysetup-job-temp-allocator-reduction-small-platforms=262144"
    "memorysetup-allocator-temp-initial-block-size-main=262144"
    "memorysetup-allocator-temp-initial-block-size-worker=262144"
    "memorysetup-temp-allocator-size-background-worker=32768"
    "memorysetup-temp-allocator-size-job-worker=262144"
    "memorysetup-temp-allocator-size-preload-manager=33554432"
    "memorysetup-temp-allocator-size-nav-mesh-worker=65536"
    "memorysetup-temp-allocator-size-audio-worker=65536"
    "memorysetup-temp-allocator-size-cloud-worker=32768"
    "memorysetup-temp-allocator-size-gi-baking-worker=262144"
    "memorysetup-temp-allocator-size-gi-baking-worker=262144"
    "memorysetup-temp-allocator-size-gi-baking-worker=262144"
    "memorysetup-temp-allocator-size-gi-baking-worker=262144"
    "memorysetup-temp-allocator-size-gi-baking-worker=262144"
    "memorysetup-temp-allocator-size-gfx=262144"
Player connection [28512]  Target information:

Player connection [28512]  * "[IP] 10.145.0.99 [Port] 0 [Flags] 2 [Guid] 670581854 [EditorId] 670581854 [Version] 1048832 [Id] WindowsEditor(7,DESKTOP-T32HQPE) [Debug] 1 [PackageName] WindowsEditor [ProjectName] Editor" 

Player connection [28512] Host joined multi-casting on [225.0.0.222:54997]...
Player connection [28512] Host joined alternative multi-casting on [225.0.0.222:34997]...
JobSystem: Creating JobQueue using job-worker-count value 5
Input System module state changed to: Initialized.
[Physics::Module] Initialized fallback backend.
[Physics::Module] Id: 0xdecafbad
Library Redirect Path: Library/
[Physics::Module] Selected backend.
[Physics::Module] Name: PhysX
[Physics::Module] Id: 0xf2b8ea05
[Physics::Module] SDK Version: 4.1.2
[Physics::Module] Integration Version: 1.0.0
[Physics::Module] Threading Mode: Multi-Threaded
Refreshing native plugins compatible for Editor in 2.05 ms, found 4 plugins.
Preloading 0 native plugins for Editor in 0.00 ms.
Initialize engine version: 6000.0.47f1 (2ad1ed33fd3b)
[Subsystems] Discovering subsystems at path C:/Program Files/Unity/Hub/Editor/6000.0.47f1/Editor/Data/Resources/UnitySubsystems
[Subsystems] Discovering subsystems at path C:/Users/rojbi/OneDrive/Desktop/Games/escape-from-triasol/Assets
GfxDevice: creating device client; kGfxThreadingModeNonThreaded
Direct3D:
    Version:  Direct3D 11.0 [level 11.1]
    Renderer: Intel(R) UHD Graphics (ID=0x4628)
    Vendor:   Intel
    VRAM:     8001 MB
    Driver:   31.0.101.4255
Initialize mono
Mono path[0] = 'C:/Program Files/Unity/Hub/Editor/6000.0.47f1/Editor/Data/Managed'
Mono path[1] = 'C:/Program Files/Unity/Hub/Editor/6000.0.47f1/Editor/Data/MonoBleedingEdge/lib/mono/unityjit-win32'
Mono config path = 'C:/Program Files/Unity/Hub/Editor/6000.0.47f1/Editor/Data/MonoBleedingEdge/etc'
Using monoOptions --debugger-agent=transport=dt_socket,embedding=1,server=y,suspend=n,address=127.0.0.1:56128
Begin MonoManager ReloadAssembly
Registering precompiled unity dll's ...
Register platform support module: C:/Program Files/Unity/Hub/Editor/6000.0.47f1/Editor/Data/PlaybackEngines/WindowsStandaloneSupport/UnityEditor.WindowsStandalone.Extensions.dll
Registered in 0.002906 seconds.
- Loaded All Assemblies, in  0.448 seconds
Native extension for WindowsStandalone target not found
Mono: successfully reloaded assembly
- Finished resetting the current domain, in  0.579 seconds
Domain Reload Profiling: 1026ms
	BeginReloadAssembly (127ms)
		ExecutionOrderSort (0ms)
		DisableScriptedObjects (0ms)
		BackupInstance (0ms)
		ReleaseScriptingObjects (0ms)
		CreateAndSetChildDomain (1ms)
	RebuildCommonClasses (38ms)
	RebuildNativeTypeToScriptingClass (16ms)
	initialDomainReloadingComplete (60ms)
	LoadAllAssembliesAndSetupDomain (205ms)
		LoadAssemblies (124ms)
		RebuildTransferFunctionScriptingTraits (0ms)
		AnalyzeDomain (201ms)
			TypeCache.Refresh (199ms)
				TypeCache.ScanAssembly (180ms)
			BuildScriptInfoCaches (0ms)
			ResolveRequiredComponents (1ms)
	FinalizeReload (580ms)
		ReleaseScriptCaches (0ms)
		RebuildScriptCaches (0ms)
		SetupLoadedEditorAssemblies (514ms)
			LogAssemblyErrors (0ms)
			InitializePlatformSupportModulesInManaged (28ms)
			SetLoadedEditorAssemblies (6ms)
			BeforeProcessingInitializeOnLoad (84ms)
			ProcessInitializeOnLoadAttributes (293ms)
			ProcessInitializeOnLoadMethodAttributes (103ms)
			AfterProcessingInitializeOnLoad (0ms)
			EditorAssembliesLoaded (0ms)
		ExecutionOrderSort2 (0ms)
		AwakeInstancesAfterBackupRestoration (0ms)
Assembly reference Packages/com.unity.cinemachine/Editor/Samples/ExposeHDRPInternals/HDRP-Editor-ref.asmref has no target assembly definition
========================================================================
Worker process is ready to serve import requests
Import Worker Mode flag is 0x00
Assembly reference Packages/com.unity.cinemachine/Editor/Samples/ExposeHDRPInternals/HDRP-Editor-ref.asmref has no target assembly definition
Assembly reference Packages/com.unity.cinemachine/Editor/Samples/ExposeHDRPInternals/HDRP-Editor-ref.asmref has no target assembly definition
Begin MonoManager ReloadAssembly
- Loaded All Assemblies, in  1.161 seconds
Assembly reference Packages/com.unity.cinemachine/Editor/Samples/ExposeHDRPInternals/HDRP-Editor-ref.asmref has no target assembly definition
'Packages/com.unity.cinemachine/Editor/Obsolete/CinemachineVirtualCameraBaseEditor.cs' contains partial class of Unity.Object, exactly 1 of the partial classes needs to be in a file with the same filename. This is to know the one that can be referenced from ie. GameObjects
'Packages/com.unity.cinemachine/Editor/Editors/CinemachineVirtualCameraBaseEditor.cs' contains partial class of Unity.Object, exactly 1 of the partial classes needs to be in a file with the same filename. This is to know the one that can be referenced from ie. GameObjects
Refreshing native plugins compatible for Editor in 2.47 ms, found 4 plugins.
Native extension for WindowsStandalone target not found
Assembly reference Packages/com.unity.cinemachine/Editor/Samples/ExposeHDRPInternals/HDRP-Editor-ref.asmref has no target assembly definition
Package Manager log level set to [2]
[Package Manager] Failed to launch server process. Reason: Unity was launched with the -noUpm command-line argument
[Package Manager] Unable to send message (not connected to server process).
[Package Manager] Cannot connect to Unity Package Manager local server
Mono: successfully reloaded assembly
- Finished resetting the current domain, in  1.149 seconds
Domain Reload Profiling: 2304ms
	BeginReloadAssembly (239ms)
		ExecutionOrderSort (0ms)
		DisableScriptedObjects (7ms)
		BackupInstance (0ms)
		ReleaseScriptingObjects (0ms)
		CreateAndSetChildDomain (44ms)
	RebuildCommonClasses (56ms)
	RebuildNativeTypeToScriptingClass (16ms)
	initialDomainReloadingComplete (60ms)
	LoadAllAssembliesAndSetupDomain (783ms)
		LoadAssemblies (535ms)
		RebuildTransferFunctionScriptingTraits (0ms)
		AnalyzeDomain (383ms)
			TypeCache.Refresh (264ms)
				TypeCache.ScanAssembly (241ms)
			BuildScriptInfoCaches (100ms)
			ResolveRequiredComponents (16ms)
	FinalizeReload (1150ms)
		ReleaseScriptCaches (0ms)
		RebuildScriptCaches (0ms)
		SetupLoadedEditorAssemblies (954ms)
			LogAssemblyErrors (0ms)
			InitializePlatformSupportModulesInManaged (2ms)
			SetLoadedEditorAssemblies (4ms)
			BeforeProcessingInitializeOnLoad (172ms)
			ProcessInitializeOnLoadAttributes (610ms)
			ProcessInitializeOnLoadMethodAttributes (163ms)
			AfterProcessingInitializeOnLoad (3ms)
			EditorAssembliesLoaded (0ms)
		ExecutionOrderSort2 (0ms)
		AwakeInstancesAfterBackupRestoration (9ms)
Launched and connected shader compiler UnityShaderCompiler.exe after 0.02 seconds
Refreshing native plugins compatible for Editor in 2.86 ms, found 4 plugins.
Preloading 0 native plugins for Editor in 0.00 ms.
Unloading 222 Unused Serialized files (Serialized files now loaded: 0)
Unloading 7025 unused Assets / (5.4 MB). Loaded Objects now: 7737.
Memory consumption went from 178.7 MB to 173.3 MB.
Total: 17.141300 ms (FindLiveObjects: 1.729800 ms CreateObjectMapping: 2.208700 ms MarkObjects: 8.289700 ms  DeleteObjects: 4.906900 ms)

========================================================================
Received Import Request.
  Time since last request: 223784.580299 seconds.
  path: Assets/InputSystem_Actions.inputactions
  artifactKey: Guid(2bcd2660ca9b64942af0de543d8d7100) Importer(815301076,1909f56bfc062723c751e8b465ee728b)
Start importing Assets/InputSystem_Actions.inputactions using Guid(2bcd2660ca9b64942af0de543d8d7100) Importer(815301076,1909f56bfc062723c751e8b465ee728b) (PreviewImporter) -> (artifact id: '6b2564eaa9f4e1c9db0aa8e3ea579112') in 0.0436532 seconds
Number of updated asset objects reloaded before import = 0Number of asset objects unloaded after import = 19

========================================================================
Received Import Request.
  Time since last request: 0.000029 seconds.
  path: Assets/Fog.mat
  artifactKey: Guid(2e6646157e6404a53822b24b4501a801) Importer(815301076,1909f56bfc062723c751e8b465ee728b)
Start importing Assets/Fog.mat using Guid(2e6646157e6404a53822b24b4501a801) Importer(815301076,1909f56bfc062723c751e8b465ee728b) (PreviewImporter) -> (artifact id: 'd935a9c4419cd449db4fd56d7fcf264c') in 0.6137628 seconds
Number of updated asset objects reloaded before import = 0Number of asset objects unloaded after import = 1

========================================================================
Received Import Request.
  Time since last request: 0.000049 seconds.
  path: Assets/DefaultVolumeProfile.asset
  artifactKey: Guid(3f9215ea0144899419cfbc0957140d3f) Importer(815301076,1909f56bfc062723c751e8b465ee728b)
Start importing Assets/DefaultVolumeProfile.asset using Guid(3f9215ea0144899419cfbc0957140d3f) Importer(815301076,1909f56bfc062723c751e8b465ee728b) (PreviewImporter) -> (artifact id: '65636432c56742a06922c04c04ec00a3') in 0.0011445 seconds
Number of updated asset objects reloaded before import = 0Number of asset objects unloaded after import = 0

========================================================================
Received Import Request.
  Time since last request: 43.589472 seconds.
  path: Assets/Scenes/TheGODsScene.unity
  artifactKey: Guid(fc286fb608caf254abf3cfeeeef9242d) Importer(815301076,1909f56bfc062723c751e8b465ee728b)
Start importing Assets/Scenes/TheGODsScene.unity using Guid(fc286fb608caf254abf3cfeeeef9242d) Importer(815301076,1909f56bfc062723c751e8b465ee728b) (PreviewImporter) -> (artifact id: '19c2a8efecdf14487418ca6aec68ae48') in 0.0007265 seconds
Number of updated asset objects reloaded before import = 0Number of asset objects unloaded after import = 0

========================================================================
Received Import Request.
  Time since last request: 10.770003 seconds.
  path: Assets/GearIcons/Icon14_01.png
  artifactKey: Guid(a9badedaa22a968438f9e5e0caf7aa7a) Importer(815301076,1909f56bfc062723c751e8b465ee728b)
Start importing Assets/GearIcons/Icon14_01.png using Guid(a9badedaa22a968438f9e5e0caf7aa7a) Importer(815301076,1909f56bfc062723c751e8b465ee728b) (PreviewImporter) -> (artifact id: 'fc730f0824257dad2b2ef09ae1043e1f') in 0.0397058 seconds
Number of updated asset objects reloaded before import = 0Number of asset objects unloaded after import = 3

========================================================================
Received Import Request.
  Time since last request: 0.000032 seconds.
  path: Assets/GearIcons/Icon14_10.png
  artifactKey: Guid(ade3245f02d69864194e0b2591284cfc) Importer(815301076,1909f56bfc062723c751e8b465ee728b)
Start importing Assets/GearIcons/Icon14_10.png using Guid(ade3245f02d69864194e0b2591284cfc) Importer(815301076,1909f56bfc062723c751e8b465ee728b) (PreviewImporter) -> (artifact id: 'cd2ab00c9ce9eb7d63124efb4ee02eeb') in 0.0216828 seconds
Number of updated asset objects reloaded before import = 0Number of asset objects unloaded after import = 3

========================================================================
Received Import Request.
  Time since last request: 0.000035 seconds.
  path: Assets/GearIcons/Icon14_06.png
  artifactKey: Guid(e6f278f185e426c42956a0cf5295d39d) Importer(815301076,1909f56bfc062723c751e8b465ee728b)
Start importing Assets/GearIcons/Icon14_06.png using Guid(e6f278f185e426c42956a0cf5295d39d) Importer(815301076,1909f56bfc062723c751e8b465ee728b) (PreviewImporter) -> (artifact id: '40f1516955edf293990a2bbb71a6f3f6') in 0.0275205 seconds
Number of updated asset objects reloaded before import = 0Number of asset objects unloaded after import = 3

========================================================================
Received Import Request.
  Time since last request: 0.000033 seconds.
  path: Assets/GearIcons/Icon14_37.png
  artifactKey: Guid(3bee6c63eb21a3c448b54b43f6dcd3be) Importer(815301076,1909f56bfc062723c751e8b465ee728b)
Start importing Assets/GearIcons/Icon14_37.png using Guid(3bee6c63eb21a3c448b54b43f6dcd3be) Importer(815301076,1909f56bfc062723c751e8b465ee728b) (PreviewImporter) -> (artifact id: '5dc2eec09d7522d26be97e8b5e39ab99') in 0.0224784 seconds
Number of updated asset objects reloaded before import = 0Number of asset objects unloaded after import = 3

========================================================================
Received Import Request.
  Time since last request: 0.000030 seconds.
  path: Assets/GearIcons/Icon14_18.png
  artifactKey: Guid(092ea5b1c3d281746a389540092cd983) Importer(815301076,1909f56bfc062723c751e8b465ee728b)
Start importing Assets/GearIcons/Icon14_18.png using Guid(092ea5b1c3d281746a389540092cd983) Importer(815301076,1909f56bfc062723c751e8b465ee728b) (PreviewImporter) -> (artifact id: '1a9d7d1ff6052fe57e2719f2eebe85b5') in 0.021202 seconds
Number of updated asset objects reloaded before import = 0Number of asset objects unloaded after import = 3

========================================================================
Received Import Request.
  Time since last request: 0.000033 seconds.
  path: Assets/GearIcons/Icon14_26.png
  artifactKey: Guid(94ca2a142474fed43a54fd680487c74b) Importer(815301076,1909f56bfc062723c751e8b465ee728b)
Start importing Assets/GearIcons/Icon14_26.png using Guid(94ca2a142474fed43a54fd680487c74b) Importer(815301076,1909f56bfc062723c751e8b465ee728b) (PreviewImporter) -> (artifact id: '28fffe9b94659d3cbb91ab10441bb34d') in 0.0223149 seconds
Number of updated asset objects reloaded before import = 0Number of asset objects unloaded after import = 3

========================================================================
Received Import Request.
  Time since last request: 0.000026 seconds.
  path: Assets/GearIcons/Icon14_15.png
  artifactKey: Guid(00d4d8b3297a3d84290cfdf739b97b45) Importer(815301076,1909f56bfc062723c751e8b465ee728b)
Start importing Assets/GearIcons/Icon14_15.png using Guid(00d4d8b3297a3d84290cfdf739b97b45) Importer(815301076,1909f56bfc062723c751e8b465ee728b) (PreviewImporter) -> (artifact id: '6dcf78944af146283267f85603918a56') in 0.0235508 seconds
Number of updated asset objects reloaded before import = 0Number of asset objects unloaded after import = 3

========================================================================
Received Import Request.
  Time since last request: 0.000026 seconds.
  path: Assets/GearIcons/Icon14_17.png
  artifactKey: Guid(60d5cabcbbce86e4686e99026bd68f6a) Importer(815301076,1909f56bfc062723c751e8b465ee728b)
Start importing Assets/GearIcons/Icon14_17.png using Guid(60d5cabcbbce86e4686e99026bd68f6a) Importer(815301076,1909f56bfc062723c751e8b465ee728b) (PreviewImporter) -> (artifact id: '111ebad715829ea95bdb41aadcd04709') in 0.0221323 seconds
Number of updated asset objects reloaded before import = 0Number of asset objects unloaded after import = 3

========================================================================
Received Import Request.
  Time since last request: 0.000051 seconds.
  path: Assets/GearIcons/Icon14_08.png
  artifactKey: Guid(7cc58bff8382ccd4a872f293ee47d59d) Importer(815301076,1909f56bfc062723c751e8b465ee728b)
Start importing Assets/GearIcons/Icon14_08.png using Guid(7cc58bff8382ccd4a872f293ee47d59d) Importer(815301076,1909f56bfc062723c751e8b465ee728b) (PreviewImporter) -> (artifact id: '01d0960f0b895ef22dfaff30381fdf04') in 0.0224285 seconds
Number of updated asset objects reloaded before import = 0Number of asset objects unloaded after import = 3

========================================================================
Received Import Request.
  Time since last request: 0.000029 seconds.
  path: Assets/GearIcons/Icon14_32.png
  artifactKey: Guid(ea981f8e44c3084418e873389010152b) Importer(815301076,1909f56bfc062723c751e8b465ee728b)
Start importing Assets/GearIcons/Icon14_32.png using Guid(ea981f8e44c3084418e873389010152b) Importer(815301076,1909f56bfc062723c751e8b465ee728b) (PreviewImporter) -> (artifact id: '8c805310f398849a390f89d6387e700c') in 0.0234967 seconds
Number of updated asset objects reloaded before import = 0Number of asset objects unloaded after import = 3

========================================================================
Received Import Request.
  Time since last request: 0.000043 seconds.
  path: Assets/GearIcons/Icon14_23.png
  artifactKey: Guid(500d740a43e36a347847d3cd3c60fec9) Importer(815301076,1909f56bfc062723c751e8b465ee728b)
Start importing Assets/GearIcons/Icon14_23.png using Guid(500d740a43e36a347847d3cd3c60fec9) Importer(815301076,1909f56bfc062723c751e8b465ee728b) (PreviewImporter) -> (artifact id: '980e639bbeca85d165e32d355cac0081') in 0.0205439 seconds
Number of updated asset objects reloaded before import = 0Number of asset objects unloaded after import = 3

========================================================================
Received Import Request.
  Time since last request: 0.000025 seconds.
  path: Assets/GearIcons/Icon14_39.png
  artifactKey: Guid(53cfdcce1f1a3f94faf01cc69bf56da8) Importer(815301076,1909f56bfc062723c751e8b465ee728b)
Start importing Assets/GearIcons/Icon14_39.png using Guid(53cfdcce1f1a3f94faf01cc69bf56da8) Importer(815301076,1909f56bfc062723c751e8b465ee728b) (PreviewImporter) -> (artifact id: 'd57c1791f24906c915f126b2fe21cf86') in 0.0224586 seconds
Number of updated asset objects reloaded before import = 0Number of asset objects unloaded after import = 3

========================================================================
Received Import Request.
  Time since last request: 0.000027 seconds.
  path: Assets/GearIcons/Icon14_21.png
  artifactKey: Guid(57186255d870648459e08c3eff8b14dc) Importer(815301076,1909f56bfc062723c751e8b465ee728b)
Start importing Assets/GearIcons/Icon14_21.png using Guid(57186255d870648459e08c3eff8b14dc) Importer(815301076,1909f56bfc062723c751e8b465ee728b) (PreviewImporter) -> (artifact id: 'd8ffb6dca7a42fbcb7629203880351d1') in 0.0309179 seconds
Number of updated asset objects reloaded before import = 0Number of asset objects unloaded after import = 3

========================================================================
Received Import Request.
  Time since last request: 0.000038 seconds.
  path: Assets/GearIcons/Icon14_05.png
  artifactKey: Guid(5a34a10fdd1dcd54284cacdd39bb4ace) Importer(815301076,1909f56bfc062723c751e8b465ee728b)
Start importing Assets/GearIcons/Icon14_05.png using Guid(5a34a10fdd1dcd54284cacdd39bb4ace) Importer(815301076,1909f56bfc062723c751e8b465ee728b) (PreviewImporter) -> (artifact id: '2cda0e43848603119874803beb14218d') in 0.0239089 seconds
Number of updated asset objects reloaded before import = 0Number of asset objects unloaded after import = 3

========================================================================
Received Import Request.
  Time since last request: 0.000039 seconds.
  path: Assets/GearIcons/Icon14_33.png
  artifactKey: Guid(a8b1bb929d46e1045898b26a03130098) Importer(815301076,1909f56bfc062723c751e8b465ee728b)
Start importing Assets/GearIcons/Icon14_33.png using Guid(a8b1bb929d46e1045898b26a03130098) Importer(815301076,1909f56bfc062723c751e8b465ee728b) (PreviewImporter) -> (artifact id: '51f5c83f080561a5dba5135d20341da5') in 0.0219601 seconds
Number of updated asset objects reloaded before import = 0Number of asset objects unloaded after import = 3

========================================================================
Received Import Request.
  Time since last request: 0.000026 seconds.
  path: Assets/GearIcons/Icon14_36.png
  artifactKey: Guid(778c738858bf2894e935c24f52ab7343) Importer(815301076,1909f56bfc062723c751e8b465ee728b)
Start importing Assets/GearIcons/Icon14_36.png using Guid(778c738858bf2894e935c24f52ab7343) Importer(815301076,1909f56bfc062723c751e8b465ee728b) (PreviewImporter) -> (artifact id: '3cb615489c9ea126946099762dd7b429') in 0.0241953 seconds
Number of updated asset objects reloaded before import = 0Number of asset objects unloaded after import = 3

========================================================================
Received Import Request.
  Time since last request: 0.000030 seconds.
  path: Assets/GearIcons/Icon14_35.png
  artifactKey: Guid(efaddde19e666714f8abaab2b360ead0) Importer(815301076,1909f56bfc062723c751e8b465ee728b)
Start importing Assets/GearIcons/Icon14_35.png using Guid(efaddde19e666714f8abaab2b360ead0) Importer(815301076,1909f56bfc062723c751e8b465ee728b) (PreviewImporter) -> (artifact id: 'c568065d9419ef1a43ba1fb776fd077c') in 0.027118 seconds
Number of updated asset objects reloaded before import = 0Number of asset objects unloaded after import = 3

========================================================================
Received Import Request.
  Time since last request: 0.000030 seconds.
  path: Assets/GearIcons/Icon14_20.png
  artifactKey: Guid(6ea2e2d97684f5242b094c7cdb97b59a) Importer(815301076,1909f56bfc062723c751e8b465ee728b)
Start importing Assets/GearIcons/Icon14_20.png using Guid(6ea2e2d97684f5242b094c7cdb97b59a) Importer(815301076,1909f56bfc062723c751e8b465ee728b) (PreviewImporter) -> (artifact id: '5798f7ea039d855c170487ba560ab8ab') in 0.0284802 seconds
Number of updated asset objects reloaded before import = 0Number of asset objects unloaded after import = 3

========================================================================
Received Import Request.
  Time since last request: 0.000029 seconds.
  path: Assets/GearIcons/Icon14_24.png
  artifactKey: Guid(d96444cb5dca2ad42a84be58806453b2) Importer(815301076,1909f56bfc062723c751e8b465ee728b)
Start importing Assets/GearIcons/Icon14_24.png using Guid(d96444cb5dca2ad42a84be58806453b2) Importer(815301076,1909f56bfc062723c751e8b465ee728b) (PreviewImporter) -> (artifact id: '1133b9723772c678881d97f34bd2c16d') in 0.0200446 seconds
Number of updated asset objects reloaded before import = 0Number of asset objects unloaded after import = 3

========================================================================
Received Import Request.
  Time since last request: 0.000056 seconds.
  path: Assets/GearIcons/Icon14_14.png
  artifactKey: Guid(2016db3d8129c2d4481bcbb80cf9f742) Importer(815301076,1909f56bfc062723c751e8b465ee728b)
Start importing Assets/GearIcons/Icon14_14.png using Guid(2016db3d8129c2d4481bcbb80cf9f742) Importer(815301076,1909f56bfc062723c751e8b465ee728b) (PreviewImporter) -> (artifact id: 'cb431aae1822753e2b65a277e65ef04e') in 0.0247116 seconds
Number of updated asset objects reloaded before import = 0Number of asset objects unloaded after import = 3

========================================================================
Received Import Request.
  Time since last request: 26.819486 seconds.
  path: Assets
  artifactKey: Guid(00000000000000001000000000000000) Importer(815301076,1909f56bfc062723c751e8b465ee728b)
Start importing Assets using Guid(00000000000000001000000000000000) Importer(815301076,1909f56bfc062723c751e8b465ee728b) (PreviewImporter) -> (artifact id: 'c391582d739b6e62a5220f35cbb167ac') in 0.0011769 seconds
Number of updated asset objects reloaded before import = 0Number of asset objects unloaded after import = 0

========================================================================
Received Import Request.
  Time since last request: 440.936510 seconds.
  path: Assets/SpaceShipAssets
  artifactKey: Guid(33946f7e07550074388f49289bb568c7) Importer(815301076,1909f56bfc062723c751e8b465ee728b)
Start importing Assets/SpaceShipAssets using Guid(33946f7e07550074388f49289bb568c7) Importer(815301076,1909f56bfc062723c751e8b465ee728b) (PreviewImporter) -> (artifact id: '033eff104f532c8c5241822d9d7261cf') in 0.0012852 seconds
Number of updated asset objects reloaded before import = 0Number of asset objects unloaded after import = 0

========================================================================
Received Import Request.
  Time since last request: 2201.587134 seconds.
  path: Assets/SpaceShipAssets/Spaceships.png
  artifactKey: Guid(68e3bd196f21c794db996cc511e9b780) Importer(815301076,1909f56bfc062723c751e8b465ee728b)
Start importing Assets/SpaceShipAssets/Spaceships.png using Guid(68e3bd196f21c794db996cc511e9b780) Importer(815301076,1909f56bfc062723c751e8b465ee728b) (PreviewImporter) -> (artifact id: '8d00982fb27fac2b956175d22f75c00a') in 0.0763781 seconds
Number of updated asset objects reloaded before import = 0Number of asset objects unloaded after import = 6

